<?xml version="1.0" encoding="UTF-8"?>
<!-- Generated by org.testng.reporters.JUnitReportReporter -->
<testsuite skipped="0" hostname="Vijay-PC" name="testScript.TS_001" tests="1" failures="0" timestamp="17 Jun 2018 07:28:35 GMT" time="10.543" errors="0">
  <testcase name="testScript" time="10.543" classname="testScript.TS_001"/>
</testsuite> <!-- testScript.TS_001 -->
