<?xml version="1.0" encoding="UTF-8"?>
<!-- Generated by org.testng.reporters.JUnitReportReporter -->
<testsuite skipped="0" hostname="Vijay-PC" name="testScript.TS_002" tests="1" failures="0" timestamp="17 Jun 2018 07:32:32 GMT" time="20.161" errors="0">
  <testcase name="testScript" time="20.161" classname="testScript.TS_002"/>
</testsuite> <!-- testScript.TS_002 -->
