<?xml version="1.0" encoding="UTF-8"?>
<!-- Generated by org.testng.reporters.JUnitReportReporter -->
<testsuite skipped="0" hostname="Vijay-PC" name="testScript.TS_003" tests="1" failures="0" timestamp="17 Jun 2018 07:33:34 GMT" time="11.972" errors="0">
  <testcase name="testScript" time="11.972" classname="testScript.TS_003"/>
</testsuite> <!-- testScript.TS_003 -->
